[32mINFO[0m:     [08-04-2024 01:25:34] Set chroma_server_nofile to 65535
[32mINFO[0m:     [08-04-2024 01:29:14] Set chroma_server_nofile to 65535
[32mINFO[0m:     [08-04-2024 01:29:15] Anonymized telemetry enabled. See                     https://docs.trychroma.com/telemetry for more information.
[36mDEBUG[0m:    [08-04-2024 01:29:15] Starting component System
[36mDEBUG[0m:    [08-04-2024 01:29:15] Starting component OpenTelemetryClient
[36mDEBUG[0m:    [08-04-2024 01:29:15] Starting component SimpleAssignmentPolicy
[36mDEBUG[0m:    [08-04-2024 01:29:15] Starting component SqliteDB
[36mDEBUG[0m:    [08-04-2024 01:29:15] Starting component QuotaEnforcer
[36mDEBUG[0m:    [08-04-2024 01:29:15] Starting component Posthog
[36mDEBUG[0m:    [08-04-2024 01:29:15] Starting component LocalSegmentManager
[36mDEBUG[0m:    [08-04-2024 01:29:15] Starting component SegmentAPI
[32mINFO[0m:     [08-04-2024 01:29:15] Started server process [[36m84085[0m]
[32mINFO[0m:     [08-04-2024 01:29:15] Waiting for application startup.
[32mINFO[0m:     [08-04-2024 01:29:15] Application startup complete.
[31mERROR[0m:    [08-04-2024 01:29:15] [Errno 48] error while attempting to bind on address ('127.0.0.1', 8000): address already in use
[32mINFO[0m:     [08-04-2024 01:29:15] Waiting for application shutdown.
[36mDEBUG[0m:    [08-04-2024 01:29:15] Stopping component System
[36mDEBUG[0m:    [08-04-2024 01:29:15] Stopping component SegmentAPI
[36mDEBUG[0m:    [08-04-2024 01:29:15] Stopping component LocalSegmentManager
[36mDEBUG[0m:    [08-04-2024 01:29:15] Stopping component Posthog
[36mDEBUG[0m:    [08-04-2024 01:29:15] Stopping component QuotaEnforcer
[36mDEBUG[0m:    [08-04-2024 01:29:15] Stopping component SqliteDB
[36mDEBUG[0m:    [08-04-2024 01:29:15] Stopping component SimpleAssignmentPolicy
[36mDEBUG[0m:    [08-04-2024 01:29:15] Stopping component OpenTelemetryClient
[32mINFO[0m:     [08-04-2024 01:29:15] Application shutdown complete.
[32mINFO[0m:     [08-04-2024 01:31:23] Set chroma_server_nofile to 65535
[32mINFO[0m:     [08-04-2024 01:31:23] Anonymized telemetry enabled. See                     https://docs.trychroma.com/telemetry for more information.
[36mDEBUG[0m:    [08-04-2024 01:31:23] Starting component System
[36mDEBUG[0m:    [08-04-2024 01:31:23] Starting component OpenTelemetryClient
[36mDEBUG[0m:    [08-04-2024 01:31:23] Starting component SimpleAssignmentPolicy
[36mDEBUG[0m:    [08-04-2024 01:31:23] Starting component SqliteDB
[36mDEBUG[0m:    [08-04-2024 01:31:23] Starting component QuotaEnforcer
[36mDEBUG[0m:    [08-04-2024 01:31:23] Starting component Posthog
[36mDEBUG[0m:    [08-04-2024 01:31:23] Starting component LocalSegmentManager
[36mDEBUG[0m:    [08-04-2024 01:31:23] Starting component SegmentAPI
[32mINFO[0m:     [08-04-2024 01:31:23] Started server process [[36m86396[0m]
[32mINFO[0m:     [08-04-2024 01:31:23] Waiting for application startup.
[32mINFO[0m:     [08-04-2024 01:31:23] Application startup complete.
[31mERROR[0m:    [08-04-2024 01:31:23] [Errno 48] error while attempting to bind on address ('127.0.0.1', 8000): address already in use
[32mINFO[0m:     [08-04-2024 01:31:23] Waiting for application shutdown.
[36mDEBUG[0m:    [08-04-2024 01:31:23] Stopping component System
[36mDEBUG[0m:    [08-04-2024 01:31:23] Stopping component SegmentAPI
[36mDEBUG[0m:    [08-04-2024 01:31:23] Stopping component LocalSegmentManager
[36mDEBUG[0m:    [08-04-2024 01:31:23] Stopping component Posthog
[36mDEBUG[0m:    [08-04-2024 01:31:23] Stopping component QuotaEnforcer
[36mDEBUG[0m:    [08-04-2024 01:31:23] Stopping component SqliteDB
[36mDEBUG[0m:    [08-04-2024 01:31:23] Stopping component SimpleAssignmentPolicy
[36mDEBUG[0m:    [08-04-2024 01:31:23] Stopping component OpenTelemetryClient
[32mINFO[0m:     [08-04-2024 01:31:23] Application shutdown complete.
[32mINFO[0m:     [08-04-2024 01:32:16] Set chroma_server_nofile to 65535
[32mINFO[0m:     [08-04-2024 01:32:16] Anonymized telemetry enabled. See                     https://docs.trychroma.com/telemetry for more information.
[36mDEBUG[0m:    [08-04-2024 01:32:16] Starting component System
[36mDEBUG[0m:    [08-04-2024 01:32:16] Starting component OpenTelemetryClient
[36mDEBUG[0m:    [08-04-2024 01:32:16] Starting component SimpleAssignmentPolicy
[36mDEBUG[0m:    [08-04-2024 01:32:16] Starting component SqliteDB
[36mDEBUG[0m:    [08-04-2024 01:32:16] Starting component QuotaEnforcer
[36mDEBUG[0m:    [08-04-2024 01:32:16] Starting component Posthog
[36mDEBUG[0m:    [08-04-2024 01:32:16] Starting component LocalSegmentManager
[36mDEBUG[0m:    [08-04-2024 01:32:16] Starting component SegmentAPI
[32mINFO[0m:     [08-04-2024 01:32:16] Started server process [[36m87189[0m]
[32mINFO[0m:     [08-04-2024 01:32:16] Waiting for application startup.
[32mINFO[0m:     [08-04-2024 01:32:16] Application startup complete.
[31mERROR[0m:    [08-04-2024 01:32:16] [Errno 48] error while attempting to bind on address ('127.0.0.1', 8000): address already in use
[32mINFO[0m:     [08-04-2024 01:32:16] Waiting for application shutdown.
[36mDEBUG[0m:    [08-04-2024 01:32:16] Stopping component System
[36mDEBUG[0m:    [08-04-2024 01:32:16] Stopping component SegmentAPI
[36mDEBUG[0m:    [08-04-2024 01:32:16] Stopping component LocalSegmentManager
[36mDEBUG[0m:    [08-04-2024 01:32:16] Stopping component Posthog
[36mDEBUG[0m:    [08-04-2024 01:32:16] Stopping component QuotaEnforcer
[36mDEBUG[0m:    [08-04-2024 01:32:16] Stopping component SqliteDB
[36mDEBUG[0m:    [08-04-2024 01:32:16] Stopping component SimpleAssignmentPolicy
[36mDEBUG[0m:    [08-04-2024 01:32:16] Stopping component OpenTelemetryClient
[32mINFO[0m:     [08-04-2024 01:32:16] Application shutdown complete.
[32mINFO[0m:     [08-04-2024 01:33:37] Set chroma_server_nofile to 65535
[32mINFO[0m:     [08-04-2024 01:33:37] Anonymized telemetry enabled. See                     https://docs.trychroma.com/telemetry for more information.
[36mDEBUG[0m:    [08-04-2024 01:33:37] Starting component System
[36mDEBUG[0m:    [08-04-2024 01:33:37] Starting component OpenTelemetryClient
[36mDEBUG[0m:    [08-04-2024 01:33:37] Starting component SimpleAssignmentPolicy
[36mDEBUG[0m:    [08-04-2024 01:33:37] Starting component SqliteDB
[36mDEBUG[0m:    [08-04-2024 01:33:37] Starting component QuotaEnforcer
[36mDEBUG[0m:    [08-04-2024 01:33:37] Starting component Posthog
[36mDEBUG[0m:    [08-04-2024 01:33:37] Starting component LocalSegmentManager
[36mDEBUG[0m:    [08-04-2024 01:33:37] Starting component SegmentAPI
[32mINFO[0m:     [08-04-2024 01:33:37] Started server process [[36m87952[0m]
[32mINFO[0m:     [08-04-2024 01:33:37] Waiting for application startup.
[32mINFO[0m:     [08-04-2024 01:33:37] Application startup complete.
[32mINFO[0m:     [08-04-2024 01:33:37] Uvicorn running on [1mhttp://localhost:8000[0m (Press CTRL+C to quit)
[32mINFO[0m:     [08-04-2024 01:34:05] Shutting down
[32mINFO[0m:     [08-04-2024 01:34:05] Waiting for application shutdown.
[36mDEBUG[0m:    [08-04-2024 01:34:05] Stopping component System
[36mDEBUG[0m:    [08-04-2024 01:34:05] Stopping component SegmentAPI
[36mDEBUG[0m:    [08-04-2024 01:34:05] Stopping component LocalSegmentManager
[36mDEBUG[0m:    [08-04-2024 01:34:05] Stopping component Posthog
[36mDEBUG[0m:    [08-04-2024 01:34:05] Stopping component QuotaEnforcer
[36mDEBUG[0m:    [08-04-2024 01:34:05] Stopping component SqliteDB
[36mDEBUG[0m:    [08-04-2024 01:34:05] Stopping component SimpleAssignmentPolicy
[36mDEBUG[0m:    [08-04-2024 01:34:05] Stopping component OpenTelemetryClient
[32mINFO[0m:     [08-04-2024 01:34:05] Application shutdown complete.
[32mINFO[0m:     [08-04-2024 01:34:05] Finished server process [[36m87952[0m]
[32mINFO[0m:     [08-04-2024 01:34:35] Set chroma_server_nofile to 65535
[32mINFO[0m:     [08-04-2024 01:34:35] Anonymized telemetry enabled. See                     https://docs.trychroma.com/telemetry for more information.
[36mDEBUG[0m:    [08-04-2024 01:34:35] Starting component System
[36mDEBUG[0m:    [08-04-2024 01:34:35] Starting component OpenTelemetryClient
[36mDEBUG[0m:    [08-04-2024 01:34:35] Starting component SimpleAssignmentPolicy
[36mDEBUG[0m:    [08-04-2024 01:34:35] Starting component SqliteDB
[36mDEBUG[0m:    [08-04-2024 01:34:35] Starting component QuotaEnforcer
[36mDEBUG[0m:    [08-04-2024 01:34:35] Starting component Posthog
[36mDEBUG[0m:    [08-04-2024 01:34:35] Starting component LocalSegmentManager
[36mDEBUG[0m:    [08-04-2024 01:34:35] Starting component SegmentAPI
[32mINFO[0m:     [08-04-2024 01:34:35] Started server process [[36m88497[0m]
[32mINFO[0m:     [08-04-2024 01:34:35] Waiting for application startup.
[32mINFO[0m:     [08-04-2024 01:34:35] Application startup complete.
[32mINFO[0m:     [08-04-2024 01:34:35] Uvicorn running on [1mhttp://localhost:8000[0m (Press CTRL+C to quit)
